
> voice-transcription-frontend@1.0.0 start
> react-scripts start

(node:77249) [DEP_WEBPACK_DEV_SERVER_ON_AFTER_SETUP_MIDDLEWARE] DeprecationWarning: 'onAfterSetupMiddleware' option is deprecated. Please use the 'setupMiddlewares' option.
(Use `node --trace-deprecation ...` to show where the warning was created)
(node:77249) [DEP_WEBPACK_DEV_SERVER_ON_BEFORE_SETUP_MIDDLEWARE] DeprecationWarning: 'onBeforeSetupMiddleware' option is deprecated. Please use the 'setupMiddlewares' option.
Starting the development server...

Compiled with warnings.

[eslint] 
src/hooks/useRealtimeTranscription.js
  Line 117:6:  React Hook useCallback has missing dependencies: 'handleRealtimeMessage' and 'scheduleReconnect'. Either include them or remove the dependency array  react-hooks/exhaustive-deps

Search for the keywords to learn more about each warning.
To ignore, add // eslint-disable-next-line to the line before.

WARNING in [eslint] 
src/hooks/useRealtimeTranscription.js
  Line 117:6:  React Hook useCallback has missing dependencies: 'handleRealtimeMessage' and 'scheduleReconnect'. Either include them or remove the dependency array  react-hooks/exhaustive-deps

webpack compiled with 1 warning
Compiling...
Compiled with warnings.

[eslint] 
src/hooks/useRealtimeTranscription.js
  Line 117:6:  React Hook useCallback has missing dependencies: 'handleRealtimeMessage' and 'scheduleReconnect'. Either include them or remove the dependency array  react-hooks/exhaustive-deps

Search for the keywords to learn more about each warning.
To ignore, add // eslint-disable-next-line to the line before.

WARNING in [eslint] 
src/hooks/useRealtimeTranscription.js
  Line 117:6:  React Hook useCallback has missing dependencies: 'handleRealtimeMessage' and 'scheduleReconnect'. Either include them or remove the dependency array  react-hooks/exhaustive-deps

webpack compiled with 1 warning
Compiling...
Compiled with warnings.

[eslint] 
src/hooks/useRealtimeTranscription.js
  Line 106:6:  React Hook useCallback has missing dependencies: 'handleRealtimeMessage' and 'scheduleReconnect'. Either include them or remove the dependency array  react-hooks/exhaustive-deps

Search for the keywords to learn more about each warning.
To ignore, add // eslint-disable-next-line to the line before.

WARNING in [eslint] 
src/hooks/useRealtimeTranscription.js
  Line 106:6:  React Hook useCallback has missing dependencies: 'handleRealtimeMessage' and 'scheduleReconnect'. Either include them or remove the dependency array  react-hooks/exhaustive-deps

webpack compiled with 1 warning
Compiling...
Compiled with warnings.

[eslint] 
src/hooks/useRealtimeTranscription.js
  Line 106:6:  React Hook useCallback has missing dependencies: 'handleRealtimeMessage' and 'scheduleReconnect'. Either include them or remove the dependency array  react-hooks/exhaustive-deps

Search for the keywords to learn more about each warning.
To ignore, add // eslint-disable-next-line to the line before.

WARNING in [eslint] 
src/hooks/useRealtimeTranscription.js
  Line 106:6:  React Hook useCallback has missing dependencies: 'handleRealtimeMessage' and 'scheduleReconnect'. Either include them or remove the dependency array  react-hooks/exhaustive-deps

webpack compiled with 1 warning
Compiling...
Compiled with warnings.

[eslint] 
src/hooks/useRealtimeTranscription.js
  Line 106:6:  React Hook useCallback has missing dependencies: 'handleRealtimeMessage' and 'scheduleReconnect'. Either include them or remove the dependency array  react-hooks/exhaustive-deps

Search for the keywords to learn more about each warning.
To ignore, add // eslint-disable-next-line to the line before.

WARNING in [eslint] 
src/hooks/useRealtimeTranscription.js
  Line 106:6:  React Hook useCallback has missing dependencies: 'handleRealtimeMessage' and 'scheduleReconnect'. Either include them or remove the dependency array  react-hooks/exhaustive-deps

webpack compiled with 1 warning
Compiling...
Compiled with warnings.

[eslint] 
src/hooks/useRealtimeTranscription.js
  Line 106:6:  React Hook useCallback has missing dependencies: 'handleRealtimeMessage' and 'scheduleReconnect'. Either include them or remove the dependency array  react-hooks/exhaustive-deps

Search for the keywords to learn more about each warning.
To ignore, add // eslint-disable-next-line to the line before.

WARNING in [eslint] 
src/hooks/useRealtimeTranscription.js
  Line 106:6:  React Hook useCallback has missing dependencies: 'handleRealtimeMessage' and 'scheduleReconnect'. Either include them or remove the dependency array  react-hooks/exhaustive-deps

webpack compiled with 1 warning
Compiling...
Compiled with warnings.

[eslint] 
src/hooks/useRealtimeTranscription.js
  Line 106:6:  React Hook useCallback has missing dependencies: 'handleRealtimeMessage' and 'scheduleReconnect'. Either include them or remove the dependency array  react-hooks/exhaustive-deps

Search for the keywords to learn more about each warning.
To ignore, add // eslint-disable-next-line to the line before.

WARNING in [eslint] 
src/hooks/useRealtimeTranscription.js
  Line 106:6:  React Hook useCallback has missing dependencies: 'handleRealtimeMessage' and 'scheduleReconnect'. Either include them or remove the dependency array  react-hooks/exhaustive-deps

webpack compiled with 1 warning
Compiling...
Compiled with warnings.

[eslint] 
src/hooks/useRealtimeTranscription.js
  Line 106:6:  React Hook useCallback has missing dependencies: 'handleRealtimeMessage' and 'scheduleReconnect'. Either include them or remove the dependency array  react-hooks/exhaustive-deps

Search for the keywords to learn more about each warning.
To ignore, add // eslint-disable-next-line to the line before.

WARNING in [eslint] 
src/hooks/useRealtimeTranscription.js
  Line 106:6:  React Hook useCallback has missing dependencies: 'handleRealtimeMessage' and 'scheduleReconnect'. Either include them or remove the dependency array  react-hooks/exhaustive-deps

webpack compiled with 1 warning
Compiling...
Compiled with warnings.

[eslint] 
src/hooks/useRealtimeTranscription.js
  Line 106:6:  React Hook useCallback has missing dependencies: 'handleRealtimeMessage' and 'scheduleReconnect'. Either include them or remove the dependency array  react-hooks/exhaustive-deps

Search for the keywords to learn more about each warning.
To ignore, add // eslint-disable-next-line to the line before.

WARNING in [eslint] 
src/hooks/useRealtimeTranscription.js
  Line 106:6:  React Hook useCallback has missing dependencies: 'handleRealtimeMessage' and 'scheduleReconnect'. Either include them or remove the dependency array  react-hooks/exhaustive-deps

webpack compiled with 1 warning
Compiling...
Compiled with warnings.

[eslint] 
src/hooks/useRealtimeTranscription.js
  Line 106:6:  React Hook useCallback has missing dependencies: 'handleRealtimeMessage' and 'scheduleReconnect'. Either include them or remove the dependency array  react-hooks/exhaustive-deps

Search for the keywords to learn more about each warning.
To ignore, add // eslint-disable-next-line to the line before.

WARNING in [eslint] 
src/hooks/useRealtimeTranscription.js
  Line 106:6:  React Hook useCallback has missing dependencies: 'handleRealtimeMessage' and 'scheduleReconnect'. Either include them or remove the dependency array  react-hooks/exhaustive-deps

webpack compiled with 1 warning
Compiling...
Compiled with warnings.

[eslint] 
src/hooks/useRealtimeTranscription.js
  Line 106:6:  React Hook useCallback has missing dependencies: 'handleRealtimeMessage' and 'scheduleReconnect'. Either include them or remove the dependency array  react-hooks/exhaustive-deps

Search for the keywords to learn more about each warning.
To ignore, add // eslint-disable-next-line to the line before.

WARNING in [eslint] 
src/hooks/useRealtimeTranscription.js
  Line 106:6:  React Hook useCallback has missing dependencies: 'handleRealtimeMessage' and 'scheduleReconnect'. Either include them or remove the dependency array  react-hooks/exhaustive-deps

webpack compiled with 1 warning
The build failed because the process exited too early. This probably means the system ran out of memory or someone called `kill -9` on the process.
