
> voice-transcription-frontend@1.0.0 start
> react-scripts start

(node:78669) [DEP_WEBPACK_DEV_SERVER_ON_AFTER_SETUP_MIDDLEWARE] DeprecationWarning: 'onAfterSetupMiddleware' option is deprecated. Please use the 'setupMiddlewares' option.
(Use `node --trace-deprecation ...` to show where the warning was created)
(node:78669) [DEP_WEBPACK_DEV_SERVER_ON_BEFORE_SETUP_MIDDLEWARE] DeprecationWarning: 'onBeforeSetupMiddleware' option is deprecated. Please use the 'setupMiddlewares' option.
Starting the development server...

Compiled successfully!

You can now view voice-transcription-frontend in the browser.

  Local:            http://localhost:3000
  On Your Network:  http://192.168.0.107:3000

Note that the development build is not optimized.
To create a production build, use npm run build.

webpack compiled successfully
Compiling...
Compiled successfully!
webpack compiled successfully
Compiling...
Compiled successfully!
webpack compiled successfully
Compiling...
Compiled successfully!
webpack compiled successfully
Compiling...
Compiled with warnings.

[eslint] 
src/App.js
  Line 4:8:    'AudioRecorder' is defined but never used             no-unused-vars
  Line 15:24:  'setIsProcessing' is assigned a value but never used  no-unused-vars
  Line 25:5:   'finalTranscript' is assigned a value but never used  no-unused-vars
  Line 31:14:  'connectRealtime' is assigned a value but never used  no-unused-vars

Search for the keywords to learn more about each warning.
To ignore, add // eslint-disable-next-line to the line before.

WARNING in [eslint] 
src/App.js
  Line 4:8:    'AudioRecorder' is defined but never used             no-unused-vars
  Line 15:24:  'setIsProcessing' is assigned a value but never used  no-unused-vars
  Line 25:5:   'finalTranscript' is assigned a value but never used  no-unused-vars
  Line 31:14:  'connectRealtime' is assigned a value but never used  no-unused-vars

webpack compiled with 1 warning
Compiling...
Compiled with warnings.

[eslint] 
src/App.js
  Line 4:8:    'AudioRecorder' is defined but never used             no-unused-vars
  Line 15:24:  'setIsProcessing' is assigned a value but never used  no-unused-vars
  Line 25:5:   'finalTranscript' is assigned a value but never used  no-unused-vars
  Line 31:14:  'connectRealtime' is assigned a value but never used  no-unused-vars

Search for the keywords to learn more about each warning.
To ignore, add // eslint-disable-next-line to the line before.

WARNING in [eslint] 
src/App.js
  Line 4:8:    'AudioRecorder' is defined but never used             no-unused-vars
  Line 15:24:  'setIsProcessing' is assigned a value but never used  no-unused-vars
  Line 25:5:   'finalTranscript' is assigned a value but never used  no-unused-vars
  Line 31:14:  'connectRealtime' is assigned a value but never used  no-unused-vars

webpack compiled with 1 warning
Compiling...
Compiled with warnings.

[eslint] 
src/App.js
  Line 4:8:    'AudioRecorder' is defined but never used             no-unused-vars
  Line 15:24:  'setIsProcessing' is assigned a value but never used  no-unused-vars
  Line 25:5:   'finalTranscript' is assigned a value but never used  no-unused-vars
  Line 31:14:  'connectRealtime' is assigned a value but never used  no-unused-vars

Search for the keywords to learn more about each warning.
To ignore, add // eslint-disable-next-line to the line before.

WARNING in [eslint] 
src/App.js
  Line 4:8:    'AudioRecorder' is defined but never used             no-unused-vars
  Line 15:24:  'setIsProcessing' is assigned a value but never used  no-unused-vars
  Line 25:5:   'finalTranscript' is assigned a value but never used  no-unused-vars
  Line 31:14:  'connectRealtime' is assigned a value but never used  no-unused-vars

webpack compiled with 1 warning
Compiling...
Compiled with warnings.

[eslint] 
src/App.js
  Line 4:8:    'AudioRecorder' is defined but never used             no-unused-vars
  Line 15:24:  'setIsProcessing' is assigned a value but never used  no-unused-vars
  Line 25:5:   'finalTranscript' is assigned a value but never used  no-unused-vars
  Line 31:14:  'connectRealtime' is assigned a value but never used  no-unused-vars

Search for the keywords to learn more about each warning.
To ignore, add // eslint-disable-next-line to the line before.

WARNING in [eslint] 
src/App.js
  Line 4:8:    'AudioRecorder' is defined but never used             no-unused-vars
  Line 15:24:  'setIsProcessing' is assigned a value but never used  no-unused-vars
  Line 25:5:   'finalTranscript' is assigned a value but never used  no-unused-vars
  Line 31:14:  'connectRealtime' is assigned a value but never used  no-unused-vars

webpack compiled with 1 warning
Compiling...
Compiled with warnings.

[eslint] 
src/App.js
  Line 4:8:    'AudioRecorder' is defined but never used             no-unused-vars
  Line 15:24:  'setIsProcessing' is assigned a value but never used  no-unused-vars
  Line 25:5:   'finalTranscript' is assigned a value but never used  no-unused-vars
  Line 31:14:  'connectRealtime' is assigned a value but never used  no-unused-vars

Search for the keywords to learn more about each warning.
To ignore, add // eslint-disable-next-line to the line before.

WARNING in [eslint] 
src/App.js
  Line 4:8:    'AudioRecorder' is defined but never used             no-unused-vars
  Line 15:24:  'setIsProcessing' is assigned a value but never used  no-unused-vars
  Line 25:5:   'finalTranscript' is assigned a value but never used  no-unused-vars
  Line 31:14:  'connectRealtime' is assigned a value but never used  no-unused-vars

webpack compiled with 1 warning
Compiling...
Compiled with warnings.

[eslint] 
src/App.js
  Line 4:8:    'AudioRecorder' is defined but never used             no-unused-vars
  Line 15:24:  'setIsProcessing' is assigned a value but never used  no-unused-vars
  Line 25:5:   'finalTranscript' is assigned a value but never used  no-unused-vars
  Line 31:14:  'connectRealtime' is assigned a value but never used  no-unused-vars

Search for the keywords to learn more about each warning.
To ignore, add // eslint-disable-next-line to the line before.

WARNING in [eslint] 
src/App.js
  Line 4:8:    'AudioRecorder' is defined but never used             no-unused-vars
  Line 15:24:  'setIsProcessing' is assigned a value but never used  no-unused-vars
  Line 25:5:   'finalTranscript' is assigned a value but never used  no-unused-vars
  Line 31:14:  'connectRealtime' is assigned a value but never used  no-unused-vars

webpack compiled with 1 warning
Compiling...
Compiled with warnings.

[eslint] 
src/App.js
  Line 4:8:    'AudioRecorder' is defined but never used             no-unused-vars
  Line 15:24:  'setIsProcessing' is assigned a value but never used  no-unused-vars
  Line 25:5:   'finalTranscript' is assigned a value but never used  no-unused-vars
  Line 31:14:  'connectRealtime' is assigned a value but never used  no-unused-vars

Search for the keywords to learn more about each warning.
To ignore, add // eslint-disable-next-line to the line before.

WARNING in [eslint] 
src/App.js
  Line 4:8:    'AudioRecorder' is defined but never used             no-unused-vars
  Line 15:24:  'setIsProcessing' is assigned a value but never used  no-unused-vars
  Line 25:5:   'finalTranscript' is assigned a value but never used  no-unused-vars
  Line 31:14:  'connectRealtime' is assigned a value but never used  no-unused-vars

webpack compiled with 1 warning
Compiling...
Compiled with warnings.

[eslint] 
src/App.js
  Line 4:8:    'AudioRecorder' is defined but never used             no-unused-vars
  Line 15:24:  'setIsProcessing' is assigned a value but never used  no-unused-vars
  Line 25:5:   'finalTranscript' is assigned a value but never used  no-unused-vars
  Line 31:14:  'connectRealtime' is assigned a value but never used  no-unused-vars

Search for the keywords to learn more about each warning.
To ignore, add // eslint-disable-next-line to the line before.

WARNING in [eslint] 
src/App.js
  Line 4:8:    'AudioRecorder' is defined but never used             no-unused-vars
  Line 15:24:  'setIsProcessing' is assigned a value but never used  no-unused-vars
  Line 25:5:   'finalTranscript' is assigned a value but never used  no-unused-vars
  Line 31:14:  'connectRealtime' is assigned a value but never used  no-unused-vars

webpack compiled with 1 warning
Compiling...
Compiled with warnings.

[eslint] 
src/App.js
  Line 4:8:    'AudioRecorder' is defined but never used             no-unused-vars
  Line 15:24:  'setIsProcessing' is assigned a value but never used  no-unused-vars
  Line 25:5:   'finalTranscript' is assigned a value but never used  no-unused-vars
  Line 31:14:  'connectRealtime' is assigned a value but never used  no-unused-vars

Search for the keywords to learn more about each warning.
To ignore, add // eslint-disable-next-line to the line before.

WARNING in [eslint] 
src/App.js
  Line 4:8:    'AudioRecorder' is defined but never used             no-unused-vars
  Line 15:24:  'setIsProcessing' is assigned a value but never used  no-unused-vars
  Line 25:5:   'finalTranscript' is assigned a value but never used  no-unused-vars
  Line 31:14:  'connectRealtime' is assigned a value but never used  no-unused-vars

webpack compiled with 1 warning
Compiling...
Compiled with warnings.

[eslint] 
src/App.js
  Line 4:8:    'AudioRecorder' is defined but never used             no-unused-vars
  Line 15:24:  'setIsProcessing' is assigned a value but never used  no-unused-vars
  Line 25:5:   'finalTranscript' is assigned a value but never used  no-unused-vars
  Line 31:14:  'connectRealtime' is assigned a value but never used  no-unused-vars

Search for the keywords to learn more about each warning.
To ignore, add // eslint-disable-next-line to the line before.

WARNING in [eslint] 
src/App.js
  Line 4:8:    'AudioRecorder' is defined but never used             no-unused-vars
  Line 15:24:  'setIsProcessing' is assigned a value but never used  no-unused-vars
  Line 25:5:   'finalTranscript' is assigned a value but never used  no-unused-vars
  Line 31:14:  'connectRealtime' is assigned a value but never used  no-unused-vars

webpack compiled with 1 warning
Compiling...
Compiled with warnings.

[eslint] 
src/App.js
  Line 4:8:    'AudioRecorder' is defined but never used             no-unused-vars
  Line 15:24:  'setIsProcessing' is assigned a value but never used  no-unused-vars
  Line 25:5:   'finalTranscript' is assigned a value but never used  no-unused-vars
  Line 31:14:  'connectRealtime' is assigned a value but never used  no-unused-vars

Search for the keywords to learn more about each warning.
To ignore, add // eslint-disable-next-line to the line before.

WARNING in [eslint] 
src/App.js
  Line 4:8:    'AudioRecorder' is defined but never used             no-unused-vars
  Line 15:24:  'setIsProcessing' is assigned a value but never used  no-unused-vars
  Line 25:5:   'finalTranscript' is assigned a value but never used  no-unused-vars
  Line 31:14:  'connectRealtime' is assigned a value but never used  no-unused-vars

webpack compiled with 1 warning
Compiling...
Compiled with warnings.

[eslint] 
src/App.js
  Line 4:8:    'AudioRecorder' is defined but never used             no-unused-vars
  Line 15:24:  'setIsProcessing' is assigned a value but never used  no-unused-vars
  Line 25:5:   'finalTranscript' is assigned a value but never used  no-unused-vars
  Line 31:14:  'connectRealtime' is assigned a value but never used  no-unused-vars

Search for the keywords to learn more about each warning.
To ignore, add // eslint-disable-next-line to the line before.

WARNING in [eslint] 
src/App.js
  Line 4:8:    'AudioRecorder' is defined but never used             no-unused-vars
  Line 15:24:  'setIsProcessing' is assigned a value but never used  no-unused-vars
  Line 25:5:   'finalTranscript' is assigned a value but never used  no-unused-vars
  Line 31:14:  'connectRealtime' is assigned a value but never used  no-unused-vars

webpack compiled with 1 warning
Compiling...
Compiled with warnings.

[eslint] 
src/App.js
  Line 4:8:    'AudioRecorder' is defined but never used             no-unused-vars
  Line 15:24:  'setIsProcessing' is assigned a value but never used  no-unused-vars
  Line 25:5:   'finalTranscript' is assigned a value but never used  no-unused-vars
  Line 31:14:  'connectRealtime' is assigned a value but never used  no-unused-vars

Search for the keywords to learn more about each warning.
To ignore, add // eslint-disable-next-line to the line before.

WARNING in [eslint] 
src/App.js
  Line 4:8:    'AudioRecorder' is defined but never used             no-unused-vars
  Line 15:24:  'setIsProcessing' is assigned a value but never used  no-unused-vars
  Line 25:5:   'finalTranscript' is assigned a value but never used  no-unused-vars
  Line 31:14:  'connectRealtime' is assigned a value but never used  no-unused-vars

webpack compiled with 1 warning
Compiling...
Compiled with warnings.

[eslint] 
src/App.js
  Line 4:8:    'AudioRecorder' is defined but never used             no-unused-vars
  Line 15:24:  'setIsProcessing' is assigned a value but never used  no-unused-vars
  Line 25:5:   'finalTranscript' is assigned a value but never used  no-unused-vars
  Line 31:14:  'connectRealtime' is assigned a value but never used  no-unused-vars

Search for the keywords to learn more about each warning.
To ignore, add // eslint-disable-next-line to the line before.

WARNING in [eslint] 
src/App.js
  Line 4:8:    'AudioRecorder' is defined but never used             no-unused-vars
  Line 15:24:  'setIsProcessing' is assigned a value but never used  no-unused-vars
  Line 25:5:   'finalTranscript' is assigned a value but never used  no-unused-vars
  Line 31:14:  'connectRealtime' is assigned a value but never used  no-unused-vars

webpack compiled with 1 warning
Compiling...
Compiled with warnings.

[eslint] 
src/App.js
  Line 4:8:    'AudioRecorder' is defined but never used             no-unused-vars
  Line 15:24:  'setIsProcessing' is assigned a value but never used  no-unused-vars
  Line 25:5:   'finalTranscript' is assigned a value but never used  no-unused-vars
  Line 31:14:  'connectRealtime' is assigned a value but never used  no-unused-vars

Search for the keywords to learn more about each warning.
To ignore, add // eslint-disable-next-line to the line before.

WARNING in [eslint] 
src/App.js
  Line 4:8:    'AudioRecorder' is defined but never used             no-unused-vars
  Line 15:24:  'setIsProcessing' is assigned a value but never used  no-unused-vars
  Line 25:5:   'finalTranscript' is assigned a value but never used  no-unused-vars
  Line 31:14:  'connectRealtime' is assigned a value but never used  no-unused-vars

webpack compiled with 1 warning
Compiling...
Compiled with warnings.

[eslint] 
src/App.js
  Line 4:8:    'AudioRecorder' is defined but never used             no-unused-vars
  Line 15:24:  'setIsProcessing' is assigned a value but never used  no-unused-vars
  Line 25:5:   'finalTranscript' is assigned a value but never used  no-unused-vars
  Line 31:14:  'connectRealtime' is assigned a value but never used  no-unused-vars

Search for the keywords to learn more about each warning.
To ignore, add // eslint-disable-next-line to the line before.

WARNING in [eslint] 
src/App.js
  Line 4:8:    'AudioRecorder' is defined but never used             no-unused-vars
  Line 15:24:  'setIsProcessing' is assigned a value but never used  no-unused-vars
  Line 25:5:   'finalTranscript' is assigned a value but never used  no-unused-vars
  Line 31:14:  'connectRealtime' is assigned a value but never used  no-unused-vars

webpack compiled with 1 warning
Compiling...
Compiled with warnings.

[eslint] 
src/App.js
  Line 4:8:    'AudioRecorder' is defined but never used             no-unused-vars
  Line 15:24:  'setIsProcessing' is assigned a value but never used  no-unused-vars
  Line 25:5:   'finalTranscript' is assigned a value but never used  no-unused-vars
  Line 31:14:  'connectRealtime' is assigned a value but never used  no-unused-vars

Search for the keywords to learn more about each warning.
To ignore, add // eslint-disable-next-line to the line before.

WARNING in [eslint] 
src/App.js
  Line 4:8:    'AudioRecorder' is defined but never used             no-unused-vars
  Line 15:24:  'setIsProcessing' is assigned a value but never used  no-unused-vars
  Line 25:5:   'finalTranscript' is assigned a value but never used  no-unused-vars
  Line 31:14:  'connectRealtime' is assigned a value but never used  no-unused-vars

webpack compiled with 1 warning
Compiling...
Compiled with warnings.

[eslint] 
src/App.js
  Line 4:8:    'AudioRecorder' is defined but never used             no-unused-vars
  Line 15:24:  'setIsProcessing' is assigned a value but never used  no-unused-vars
  Line 25:5:   'finalTranscript' is assigned a value but never used  no-unused-vars
  Line 31:14:  'connectRealtime' is assigned a value but never used  no-unused-vars

src/hooks/useRealtimeTranscription.js
  Line 105:6:  React Hook useCallback has missing dependencies: 'handleRealtimeMessage' and 'scheduleReconnect'. Either include them or remove the dependency array  react-hooks/exhaustive-deps

Search for the keywords to learn more about each warning.
To ignore, add // eslint-disable-next-line to the line before.

WARNING in [eslint] 
src/App.js
  Line 4:8:    'AudioRecorder' is defined but never used             no-unused-vars
  Line 15:24:  'setIsProcessing' is assigned a value but never used  no-unused-vars
  Line 25:5:   'finalTranscript' is assigned a value but never used  no-unused-vars
  Line 31:14:  'connectRealtime' is assigned a value but never used  no-unused-vars

src/hooks/useRealtimeTranscription.js
  Line 105:6:  React Hook useCallback has missing dependencies: 'handleRealtimeMessage' and 'scheduleReconnect'. Either include them or remove the dependency array  react-hooks/exhaustive-deps

webpack compiled with 1 warning
Compiling...
Compiled with warnings.

[eslint] 
src/App.js
  Line 4:8:    'AudioRecorder' is defined but never used             no-unused-vars
  Line 15:24:  'setIsProcessing' is assigned a value but never used  no-unused-vars
  Line 25:5:   'finalTranscript' is assigned a value but never used  no-unused-vars
  Line 31:14:  'connectRealtime' is assigned a value but never used  no-unused-vars

src/hooks/useRealtimeTranscription.js
  Line 105:6:  React Hook useCallback has missing dependencies: 'handleRealtimeMessage' and 'scheduleReconnect'. Either include them or remove the dependency array  react-hooks/exhaustive-deps

Search for the keywords to learn more about each warning.
To ignore, add // eslint-disable-next-line to the line before.

WARNING in [eslint] 
src/App.js
  Line 4:8:    'AudioRecorder' is defined but never used             no-unused-vars
  Line 15:24:  'setIsProcessing' is assigned a value but never used  no-unused-vars
  Line 25:5:   'finalTranscript' is assigned a value but never used  no-unused-vars
  Line 31:14:  'connectRealtime' is assigned a value but never used  no-unused-vars

src/hooks/useRealtimeTranscription.js
  Line 105:6:  React Hook useCallback has missing dependencies: 'handleRealtimeMessage' and 'scheduleReconnect'. Either include them or remove the dependency array  react-hooks/exhaustive-deps

webpack compiled with 1 warning
Compiling...
Compiled with warnings.

[eslint] 
src/App.js
  Line 4:8:    'AudioRecorder' is defined but never used             no-unused-vars
  Line 15:24:  'setIsProcessing' is assigned a value but never used  no-unused-vars
  Line 25:5:   'finalTranscript' is assigned a value but never used  no-unused-vars
  Line 31:14:  'connectRealtime' is assigned a value but never used  no-unused-vars

src/hooks/useRealtimeTranscription.js
  Line 105:6:  React Hook useCallback has missing dependencies: 'handleRealtimeMessage' and 'scheduleReconnect'. Either include them or remove the dependency array  react-hooks/exhaustive-deps

Search for the keywords to learn more about each warning.
To ignore, add // eslint-disable-next-line to the line before.

WARNING in [eslint] 
src/App.js
  Line 4:8:    'AudioRecorder' is defined but never used             no-unused-vars
  Line 15:24:  'setIsProcessing' is assigned a value but never used  no-unused-vars
  Line 25:5:   'finalTranscript' is assigned a value but never used  no-unused-vars
  Line 31:14:  'connectRealtime' is assigned a value but never used  no-unused-vars

src/hooks/useRealtimeTranscription.js
  Line 105:6:  React Hook useCallback has missing dependencies: 'handleRealtimeMessage' and 'scheduleReconnect'. Either include them or remove the dependency array  react-hooks/exhaustive-deps

webpack compiled with 1 warning
Compiling...
Compiled with warnings.

[eslint] 
src/App.js
  Line 4:8:    'AudioRecorder' is defined but never used             no-unused-vars
  Line 15:24:  'setIsProcessing' is assigned a value but never used  no-unused-vars
  Line 25:5:   'finalTranscript' is assigned a value but never used  no-unused-vars
  Line 31:14:  'connectRealtime' is assigned a value but never used  no-unused-vars

src/hooks/useRealtimeTranscription.js
  Line 97:6:  React Hook useCallback has missing dependencies: 'handleRealtimeMessage' and 'scheduleReconnect'. Either include them or remove the dependency array  react-hooks/exhaustive-deps

Search for the keywords to learn more about each warning.
To ignore, add // eslint-disable-next-line to the line before.

WARNING in [eslint] 
src/App.js
  Line 4:8:    'AudioRecorder' is defined but never used             no-unused-vars
  Line 15:24:  'setIsProcessing' is assigned a value but never used  no-unused-vars
  Line 25:5:   'finalTranscript' is assigned a value but never used  no-unused-vars
  Line 31:14:  'connectRealtime' is assigned a value but never used  no-unused-vars

src/hooks/useRealtimeTranscription.js
  Line 97:6:  React Hook useCallback has missing dependencies: 'handleRealtimeMessage' and 'scheduleReconnect'. Either include them or remove the dependency array  react-hooks/exhaustive-deps

webpack compiled with 1 warning
Compiling...
Compiled with warnings.

[eslint] 
src/App.js
  Line 4:8:    'AudioRecorder' is defined but never used             no-unused-vars
  Line 15:24:  'setIsProcessing' is assigned a value but never used  no-unused-vars
  Line 25:5:   'finalTranscript' is assigned a value but never used  no-unused-vars
  Line 31:14:  'connectRealtime' is assigned a value but never used  no-unused-vars

src/hooks/useRealtimeTranscription.js
  Line 97:6:  React Hook useCallback has missing dependencies: 'handleRealtimeMessage' and 'scheduleReconnect'. Either include them or remove the dependency array  react-hooks/exhaustive-deps

Search for the keywords to learn more about each warning.
To ignore, add // eslint-disable-next-line to the line before.

WARNING in [eslint] 
src/App.js
  Line 4:8:    'AudioRecorder' is defined but never used             no-unused-vars
  Line 15:24:  'setIsProcessing' is assigned a value but never used  no-unused-vars
  Line 25:5:   'finalTranscript' is assigned a value but never used  no-unused-vars
  Line 31:14:  'connectRealtime' is assigned a value but never used  no-unused-vars

src/hooks/useRealtimeTranscription.js
  Line 97:6:  React Hook useCallback has missing dependencies: 'handleRealtimeMessage' and 'scheduleReconnect'. Either include them or remove the dependency array  react-hooks/exhaustive-deps

webpack compiled with 1 warning
Compiling...
Compiled with warnings.

[eslint] 
src/App.js
  Line 4:8:    'AudioRecorder' is defined but never used             no-unused-vars
  Line 15:24:  'setIsProcessing' is assigned a value but never used  no-unused-vars
  Line 25:5:   'finalTranscript' is assigned a value but never used  no-unused-vars
  Line 31:14:  'connectRealtime' is assigned a value but never used  no-unused-vars

src/hooks/useRealtimeTranscription.js
  Line 97:6:  React Hook useCallback has missing dependencies: 'handleRealtimeMessage' and 'scheduleReconnect'. Either include them or remove the dependency array  react-hooks/exhaustive-deps

Search for the keywords to learn more about each warning.
To ignore, add // eslint-disable-next-line to the line before.

WARNING in [eslint] 
src/App.js
  Line 4:8:    'AudioRecorder' is defined but never used             no-unused-vars
  Line 15:24:  'setIsProcessing' is assigned a value but never used  no-unused-vars
  Line 25:5:   'finalTranscript' is assigned a value but never used  no-unused-vars
  Line 31:14:  'connectRealtime' is assigned a value but never used  no-unused-vars

src/hooks/useRealtimeTranscription.js
  Line 97:6:  React Hook useCallback has missing dependencies: 'handleRealtimeMessage' and 'scheduleReconnect'. Either include them or remove the dependency array  react-hooks/exhaustive-deps

webpack compiled with 1 warning
Compiling...
Compiled with warnings.

[eslint] 
src/App.js
  Line 4:8:    'AudioRecorder' is defined but never used             no-unused-vars
  Line 15:24:  'setIsProcessing' is assigned a value but never used  no-unused-vars
  Line 25:5:   'finalTranscript' is assigned a value but never used  no-unused-vars
  Line 31:14:  'connectRealtime' is assigned a value but never used  no-unused-vars

src/hooks/useRealtimeTranscription.js
  Line 97:6:   React Hook useCallback has missing dependencies: 'handleRealtimeMessage' and 'scheduleReconnect'. Either include them or remove the dependency array  react-hooks/exhaustive-deps
  Line 102:5:  Expected a default case                                                                                                                               default-case

Search for the keywords to learn more about each warning.
To ignore, add // eslint-disable-next-line to the line before.

WARNING in [eslint] 
src/App.js
  Line 4:8:    'AudioRecorder' is defined but never used             no-unused-vars
  Line 15:24:  'setIsProcessing' is assigned a value but never used  no-unused-vars
  Line 25:5:   'finalTranscript' is assigned a value but never used  no-unused-vars
  Line 31:14:  'connectRealtime' is assigned a value but never used  no-unused-vars

src/hooks/useRealtimeTranscription.js
  Line 97:6:   React Hook useCallback has missing dependencies: 'handleRealtimeMessage' and 'scheduleReconnect'. Either include them or remove the dependency array  react-hooks/exhaustive-deps
  Line 102:5:  Expected a default case                                                                                                                               default-case

webpack compiled with 1 warning
Compiling...
Compiled with warnings.

[eslint] 
src/App.js
  Line 4:8:    'AudioRecorder' is defined but never used             no-unused-vars
  Line 15:24:  'setIsProcessing' is assigned a value but never used  no-unused-vars
  Line 25:5:   'finalTranscript' is assigned a value but never used  no-unused-vars
  Line 31:14:  'connectRealtime' is assigned a value but never used  no-unused-vars

src/components/TranscriptPanel.js
  Line 4:8:  'AudioLevelMeter' is defined but never used  no-unused-vars
  Line 6:8:  'VADSettings' is defined but never used      no-unused-vars

src/hooks/useRealtimeTranscription.js
  Line 97:6:   React Hook useCallback has missing dependencies: 'handleRealtimeMessage' and 'scheduleReconnect'. Either include them or remove the dependency array  react-hooks/exhaustive-deps
  Line 102:5:  Expected a default case                                                                                                                               default-case

Search for the keywords to learn more about each warning.
To ignore, add // eslint-disable-next-line to the line before.

WARNING in [eslint] 
src/App.js
  Line 4:8:    'AudioRecorder' is defined but never used             no-unused-vars
  Line 15:24:  'setIsProcessing' is assigned a value but never used  no-unused-vars
  Line 25:5:   'finalTranscript' is assigned a value but never used  no-unused-vars
  Line 31:14:  'connectRealtime' is assigned a value but never used  no-unused-vars

src/components/TranscriptPanel.js
  Line 4:8:  'AudioLevelMeter' is defined but never used  no-unused-vars
  Line 6:8:  'VADSettings' is defined but never used      no-unused-vars

src/hooks/useRealtimeTranscription.js
  Line 97:6:   React Hook useCallback has missing dependencies: 'handleRealtimeMessage' and 'scheduleReconnect'. Either include them or remove the dependency array  react-hooks/exhaustive-deps
  Line 102:5:  Expected a default case                                                                                                                               default-case

webpack compiled with 1 warning
Compiling...
Compiled with warnings.

[eslint] 
src/App.js
  Line 4:8:    'AudioRecorder' is defined but never used             no-unused-vars
  Line 15:24:  'setIsProcessing' is assigned a value but never used  no-unused-vars
  Line 25:5:   'finalTranscript' is assigned a value but never used  no-unused-vars
  Line 31:14:  'connectRealtime' is assigned a value but never used  no-unused-vars

src/components/TranscriptPanel.js
  Line 4:8:  'AudioLevelMeter' is defined but never used  no-unused-vars
  Line 6:8:  'VADSettings' is defined but never used      no-unused-vars

src/hooks/useRealtimeTranscription.js
  Line 97:6:   React Hook useCallback has missing dependencies: 'handleRealtimeMessage' and 'scheduleReconnect'. Either include them or remove the dependency array  react-hooks/exhaustive-deps
  Line 102:5:  Expected a default case                                                                                                                               default-case

Search for the keywords to learn more about each warning.
To ignore, add // eslint-disable-next-line to the line before.

WARNING in [eslint] 
src/App.js
  Line 4:8:    'AudioRecorder' is defined but never used             no-unused-vars
  Line 15:24:  'setIsProcessing' is assigned a value but never used  no-unused-vars
  Line 25:5:   'finalTranscript' is assigned a value but never used  no-unused-vars
  Line 31:14:  'connectRealtime' is assigned a value but never used  no-unused-vars

src/components/TranscriptPanel.js
  Line 4:8:  'AudioLevelMeter' is defined but never used  no-unused-vars
  Line 6:8:  'VADSettings' is defined but never used      no-unused-vars

src/hooks/useRealtimeTranscription.js
  Line 97:6:   React Hook useCallback has missing dependencies: 'handleRealtimeMessage' and 'scheduleReconnect'. Either include them or remove the dependency array  react-hooks/exhaustive-deps
  Line 102:5:  Expected a default case                                                                                                                               default-case

webpack compiled with 1 warning
Compiling...
Compiled with warnings.

[eslint] 
src/App.js
  Line 4:8:    'AudioRecorder' is defined but never used             no-unused-vars
  Line 15:24:  'setIsProcessing' is assigned a value but never used  no-unused-vars
  Line 25:5:   'finalTranscript' is assigned a value but never used  no-unused-vars
  Line 31:14:  'connectRealtime' is assigned a value but never used  no-unused-vars

src/components/TranscriptPanel.js
  Line 4:8:  'AudioLevelMeter' is defined but never used  no-unused-vars
  Line 6:8:  'VADSettings' is defined but never used      no-unused-vars

src/hooks/useRealtimeTranscription.js
  Line 97:6:   React Hook useCallback has missing dependencies: 'handleRealtimeMessage' and 'scheduleReconnect'. Either include them or remove the dependency array  react-hooks/exhaustive-deps
  Line 102:5:  Expected a default case                                                                                                                               default-case

Search for the keywords to learn more about each warning.
To ignore, add // eslint-disable-next-line to the line before.

WARNING in [eslint] 
src/App.js
  Line 4:8:    'AudioRecorder' is defined but never used             no-unused-vars
  Line 15:24:  'setIsProcessing' is assigned a value but never used  no-unused-vars
  Line 25:5:   'finalTranscript' is assigned a value but never used  no-unused-vars
  Line 31:14:  'connectRealtime' is assigned a value but never used  no-unused-vars

src/components/TranscriptPanel.js
  Line 4:8:  'AudioLevelMeter' is defined but never used  no-unused-vars
  Line 6:8:  'VADSettings' is defined but never used      no-unused-vars

src/hooks/useRealtimeTranscription.js
  Line 97:6:   React Hook useCallback has missing dependencies: 'handleRealtimeMessage' and 'scheduleReconnect'. Either include them or remove the dependency array  react-hooks/exhaustive-deps
  Line 102:5:  Expected a default case                                                                                                                               default-case

webpack compiled with 1 warning
Compiling...
Compiled with warnings.

[eslint] 
src/App.js
  Line 4:8:    'AudioRecorder' is defined but never used             no-unused-vars
  Line 15:24:  'setIsProcessing' is assigned a value but never used  no-unused-vars
  Line 25:5:   'finalTranscript' is assigned a value but never used  no-unused-vars
  Line 31:14:  'connectRealtime' is assigned a value but never used  no-unused-vars

src/components/TranscriptPanel.js
  Line 4:8:  'AudioLevelMeter' is defined but never used  no-unused-vars
  Line 6:8:  'VADSettings' is defined but never used      no-unused-vars

src/hooks/useRealtimeTranscription.js
  Line 95:6:   React Hook useCallback has missing dependencies: 'handleRealtimeMessage' and 'scheduleReconnect'. Either include them or remove the dependency array  react-hooks/exhaustive-deps
  Line 100:5:  Expected a default case                                                                                                                               default-case

Search for the keywords to learn more about each warning.
To ignore, add // eslint-disable-next-line to the line before.

WARNING in [eslint] 
src/App.js
  Line 4:8:    'AudioRecorder' is defined but never used             no-unused-vars
  Line 15:24:  'setIsProcessing' is assigned a value but never used  no-unused-vars
  Line 25:5:   'finalTranscript' is assigned a value but never used  no-unused-vars
  Line 31:14:  'connectRealtime' is assigned a value but never used  no-unused-vars

src/components/TranscriptPanel.js
  Line 4:8:  'AudioLevelMeter' is defined but never used  no-unused-vars
  Line 6:8:  'VADSettings' is defined but never used      no-unused-vars

src/hooks/useRealtimeTranscription.js
  Line 95:6:   React Hook useCallback has missing dependencies: 'handleRealtimeMessage' and 'scheduleReconnect'. Either include them or remove the dependency array  react-hooks/exhaustive-deps
  Line 100:5:  Expected a default case                                                                                                                               default-case

webpack compiled with 1 warning
Compiling...
Compiled with warnings.

[eslint] 
src/App.js
  Line 4:8:    'AudioRecorder' is defined but never used             no-unused-vars
  Line 15:24:  'setIsProcessing' is assigned a value but never used  no-unused-vars
  Line 25:5:   'finalTranscript' is assigned a value but never used  no-unused-vars
  Line 31:14:  'connectRealtime' is assigned a value but never used  no-unused-vars

src/components/TranscriptPanel.js
  Line 4:8:  'AudioLevelMeter' is defined but never used  no-unused-vars
  Line 6:8:  'VADSettings' is defined but never used      no-unused-vars

src/hooks/useRealtimeTranscription.js
  Line 95:6:   React Hook useCallback has missing dependencies: 'handleRealtimeMessage' and 'scheduleReconnect'. Either include them or remove the dependency array  react-hooks/exhaustive-deps
  Line 100:5:  Expected a default case                                                                                                                               default-case

Search for the keywords to learn more about each warning.
To ignore, add // eslint-disable-next-line to the line before.

WARNING in [eslint] 
src/App.js
  Line 4:8:    'AudioRecorder' is defined but never used             no-unused-vars
  Line 15:24:  'setIsProcessing' is assigned a value but never used  no-unused-vars
  Line 25:5:   'finalTranscript' is assigned a value but never used  no-unused-vars
  Line 31:14:  'connectRealtime' is assigned a value but never used  no-unused-vars

src/components/TranscriptPanel.js
  Line 4:8:  'AudioLevelMeter' is defined but never used  no-unused-vars
  Line 6:8:  'VADSettings' is defined but never used      no-unused-vars

src/hooks/useRealtimeTranscription.js
  Line 95:6:   React Hook useCallback has missing dependencies: 'handleRealtimeMessage' and 'scheduleReconnect'. Either include them or remove the dependency array  react-hooks/exhaustive-deps
  Line 100:5:  Expected a default case                                                                                                                               default-case

webpack compiled with 1 warning
Compiling...
Compiled with warnings.

[eslint] 
src/App.js
  Line 4:8:    'AudioRecorder' is defined but never used             no-unused-vars
  Line 15:24:  'setIsProcessing' is assigned a value but never used  no-unused-vars
  Line 25:5:   'finalTranscript' is assigned a value but never used  no-unused-vars
  Line 31:14:  'connectRealtime' is assigned a value but never used  no-unused-vars

src/components/TranscriptPanel.js
  Line 4:8:  'AudioLevelMeter' is defined but never used  no-unused-vars
  Line 6:8:  'VADSettings' is defined but never used      no-unused-vars

src/hooks/useRealtimeTranscription.js
  Line 95:6:   React Hook useCallback has missing dependencies: 'handleRealtimeMessage' and 'scheduleReconnect'. Either include them or remove the dependency array  react-hooks/exhaustive-deps
  Line 100:5:  Expected a default case                                                                                                                               default-case

Search for the keywords to learn more about each warning.
To ignore, add // eslint-disable-next-line to the line before.

WARNING in [eslint] 
src/App.js
  Line 4:8:    'AudioRecorder' is defined but never used             no-unused-vars
  Line 15:24:  'setIsProcessing' is assigned a value but never used  no-unused-vars
  Line 25:5:   'finalTranscript' is assigned a value but never used  no-unused-vars
  Line 31:14:  'connectRealtime' is assigned a value but never used  no-unused-vars

src/components/TranscriptPanel.js
  Line 4:8:  'AudioLevelMeter' is defined but never used  no-unused-vars
  Line 6:8:  'VADSettings' is defined but never used      no-unused-vars

src/hooks/useRealtimeTranscription.js
  Line 95:6:   React Hook useCallback has missing dependencies: 'handleRealtimeMessage' and 'scheduleReconnect'. Either include them or remove the dependency array  react-hooks/exhaustive-deps
  Line 100:5:  Expected a default case                                                                                                                               default-case

webpack compiled with 1 warning
Compiling...
Compiled with warnings.

[eslint] 
src/App.js
  Line 4:8:    'AudioRecorder' is defined but never used             no-unused-vars
  Line 15:24:  'setIsProcessing' is assigned a value but never used  no-unused-vars
  Line 25:5:   'finalTranscript' is assigned a value but never used  no-unused-vars
  Line 31:14:  'connectRealtime' is assigned a value but never used  no-unused-vars

src/components/TranscriptPanel.js
  Line 4:8:  'AudioLevelMeter' is defined but never used  no-unused-vars
  Line 6:8:  'VADSettings' is defined but never used      no-unused-vars

src/hooks/useRealtimeTranscription.js
  Line 95:6:   React Hook useCallback has missing dependencies: 'handleRealtimeMessage' and 'scheduleReconnect'. Either include them or remove the dependency array  react-hooks/exhaustive-deps
  Line 100:5:  Expected a default case                                                                                                                               default-case

Search for the keywords to learn more about each warning.
To ignore, add // eslint-disable-next-line to the line before.

WARNING in [eslint] 
src/App.js
  Line 4:8:    'AudioRecorder' is defined but never used             no-unused-vars
  Line 15:24:  'setIsProcessing' is assigned a value but never used  no-unused-vars
  Line 25:5:   'finalTranscript' is assigned a value but never used  no-unused-vars
  Line 31:14:  'connectRealtime' is assigned a value but never used  no-unused-vars

src/components/TranscriptPanel.js
  Line 4:8:  'AudioLevelMeter' is defined but never used  no-unused-vars
  Line 6:8:  'VADSettings' is defined but never used      no-unused-vars

src/hooks/useRealtimeTranscription.js
  Line 95:6:   React Hook useCallback has missing dependencies: 'handleRealtimeMessage' and 'scheduleReconnect'. Either include them or remove the dependency array  react-hooks/exhaustive-deps
  Line 100:5:  Expected a default case                                                                                                                               default-case

webpack compiled with 1 warning
Compiling...
Compiled with warnings.

[eslint] 
src/App.js
  Line 4:8:    'AudioRecorder' is defined but never used             no-unused-vars
  Line 15:24:  'setIsProcessing' is assigned a value but never used  no-unused-vars
  Line 25:5:   'finalTranscript' is assigned a value but never used  no-unused-vars
  Line 31:14:  'connectRealtime' is assigned a value but never used  no-unused-vars

src/components/TranscriptPanel.js
  Line 4:8:  'AudioLevelMeter' is defined but never used  no-unused-vars
  Line 6:8:  'VADSettings' is defined but never used      no-unused-vars

src/hooks/useRealtimeTranscription.js
  Line 95:6:   React Hook useCallback has missing dependencies: 'handleRealtimeMessage' and 'scheduleReconnect'. Either include them or remove the dependency array  react-hooks/exhaustive-deps
  Line 100:5:  Expected a default case                                                                                                                               default-case

Search for the keywords to learn more about each warning.
To ignore, add // eslint-disable-next-line to the line before.

WARNING in [eslint] 
src/App.js
  Line 4:8:    'AudioRecorder' is defined but never used             no-unused-vars
  Line 15:24:  'setIsProcessing' is assigned a value but never used  no-unused-vars
  Line 25:5:   'finalTranscript' is assigned a value but never used  no-unused-vars
  Line 31:14:  'connectRealtime' is assigned a value but never used  no-unused-vars

src/components/TranscriptPanel.js
  Line 4:8:  'AudioLevelMeter' is defined but never used  no-unused-vars
  Line 6:8:  'VADSettings' is defined but never used      no-unused-vars

src/hooks/useRealtimeTranscription.js
  Line 95:6:   React Hook useCallback has missing dependencies: 'handleRealtimeMessage' and 'scheduleReconnect'. Either include them or remove the dependency array  react-hooks/exhaustive-deps
  Line 100:5:  Expected a default case                                                                                                                               default-case

webpack compiled with 1 warning
Compiling...
Compiled with warnings.

[eslint] 
src/App.js
  Line 4:8:    'AudioRecorder' is defined but never used             no-unused-vars
  Line 15:24:  'setIsProcessing' is assigned a value but never used  no-unused-vars
  Line 25:5:   'finalTranscript' is assigned a value but never used  no-unused-vars
  Line 31:14:  'connectRealtime' is assigned a value but never used  no-unused-vars

src/components/TranscriptPanel.js
  Line 4:8:  'AudioLevelMeter' is defined but never used  no-unused-vars
  Line 6:8:  'VADSettings' is defined but never used      no-unused-vars

src/hooks/useRealtimeTranscription.js
  Line 95:6:   React Hook useCallback has missing dependencies: 'handleRealtimeMessage' and 'scheduleReconnect'. Either include them or remove the dependency array  react-hooks/exhaustive-deps
  Line 100:5:  Expected a default case                                                                                                                               default-case

Search for the keywords to learn more about each warning.
To ignore, add // eslint-disable-next-line to the line before.

WARNING in [eslint] 
src/App.js
  Line 4:8:    'AudioRecorder' is defined but never used             no-unused-vars
  Line 15:24:  'setIsProcessing' is assigned a value but never used  no-unused-vars
  Line 25:5:   'finalTranscript' is assigned a value but never used  no-unused-vars
  Line 31:14:  'connectRealtime' is assigned a value but never used  no-unused-vars

src/components/TranscriptPanel.js
  Line 4:8:  'AudioLevelMeter' is defined but never used  no-unused-vars
  Line 6:8:  'VADSettings' is defined but never used      no-unused-vars

src/hooks/useRealtimeTranscription.js
  Line 95:6:   React Hook useCallback has missing dependencies: 'handleRealtimeMessage' and 'scheduleReconnect'. Either include them or remove the dependency array  react-hooks/exhaustive-deps
  Line 100:5:  Expected a default case                                                                                                                               default-case

webpack compiled with 1 warning
Compiling...
Compiled with warnings.

[eslint] 
src/App.js
  Line 4:8:    'AudioRecorder' is defined but never used             no-unused-vars
  Line 15:24:  'setIsProcessing' is assigned a value but never used  no-unused-vars
  Line 25:5:   'finalTranscript' is assigned a value but never used  no-unused-vars
  Line 31:14:  'connectRealtime' is assigned a value but never used  no-unused-vars

src/components/TranscriptPanel.js
  Line 4:8:  'AudioLevelMeter' is defined but never used  no-unused-vars
  Line 6:8:  'VADSettings' is defined but never used      no-unused-vars

src/hooks/useRealtimeTranscription.js
  Line 95:6:   React Hook useCallback has missing dependencies: 'handleRealtimeMessage' and 'scheduleReconnect'. Either include them or remove the dependency array  react-hooks/exhaustive-deps
  Line 100:5:  Expected a default case                                                                                                                               default-case

Search for the keywords to learn more about each warning.
To ignore, add // eslint-disable-next-line to the line before.

WARNING in [eslint] 
src/App.js
  Line 4:8:    'AudioRecorder' is defined but never used             no-unused-vars
  Line 15:24:  'setIsProcessing' is assigned a value but never used  no-unused-vars
  Line 25:5:   'finalTranscript' is assigned a value but never used  no-unused-vars
  Line 31:14:  'connectRealtime' is assigned a value but never used  no-unused-vars

src/components/TranscriptPanel.js
  Line 4:8:  'AudioLevelMeter' is defined but never used  no-unused-vars
  Line 6:8:  'VADSettings' is defined but never used      no-unused-vars

src/hooks/useRealtimeTranscription.js
  Line 95:6:   React Hook useCallback has missing dependencies: 'handleRealtimeMessage' and 'scheduleReconnect'. Either include them or remove the dependency array  react-hooks/exhaustive-deps
  Line 100:5:  Expected a default case                                                                                                                               default-case

webpack compiled with 1 warning
Compiling...
Compiled with warnings.

[eslint] 
src/App.js
  Line 4:8:    'AudioRecorder' is defined but never used             no-unused-vars
  Line 15:24:  'setIsProcessing' is assigned a value but never used  no-unused-vars
  Line 25:5:   'finalTranscript' is assigned a value but never used  no-unused-vars
  Line 31:14:  'connectRealtime' is assigned a value but never used  no-unused-vars

src/components/TranscriptPanel.js
  Line 4:8:  'AudioLevelMeter' is defined but never used  no-unused-vars
  Line 6:8:  'VADSettings' is defined but never used      no-unused-vars

src/hooks/useRealtimeTranscription.js
  Line 95:6:   React Hook useCallback has missing dependencies: 'handleRealtimeMessage' and 'scheduleReconnect'. Either include them or remove the dependency array  react-hooks/exhaustive-deps
  Line 100:5:  Expected a default case                                                                                                                               default-case

Search for the keywords to learn more about each warning.
To ignore, add // eslint-disable-next-line to the line before.

WARNING in [eslint] 
src/App.js
  Line 4:8:    'AudioRecorder' is defined but never used             no-unused-vars
  Line 15:24:  'setIsProcessing' is assigned a value but never used  no-unused-vars
  Line 25:5:   'finalTranscript' is assigned a value but never used  no-unused-vars
  Line 31:14:  'connectRealtime' is assigned a value but never used  no-unused-vars

src/components/TranscriptPanel.js
  Line 4:8:  'AudioLevelMeter' is defined but never used  no-unused-vars
  Line 6:8:  'VADSettings' is defined but never used      no-unused-vars

src/hooks/useRealtimeTranscription.js
  Line 95:6:   React Hook useCallback has missing dependencies: 'handleRealtimeMessage' and 'scheduleReconnect'. Either include them or remove the dependency array  react-hooks/exhaustive-deps
  Line 100:5:  Expected a default case                                                                                                                               default-case

webpack compiled with 1 warning
Compiling...
Compiled with warnings.

[eslint] 
src/App.js
  Line 4:8:    'AudioRecorder' is defined but never used             no-unused-vars
  Line 15:24:  'setIsProcessing' is assigned a value but never used  no-unused-vars
  Line 25:5:   'finalTranscript' is assigned a value but never used  no-unused-vars
  Line 31:14:  'connectRealtime' is assigned a value but never used  no-unused-vars

src/components/TranscriptPanel.js
  Line 4:8:  'AudioLevelMeter' is defined but never used  no-unused-vars
  Line 6:8:  'VADSettings' is defined but never used      no-unused-vars

src/hooks/useRealtimeTranscription.js
  Line 95:6:   React Hook useCallback has missing dependencies: 'handleRealtimeMessage' and 'scheduleReconnect'. Either include them or remove the dependency array  react-hooks/exhaustive-deps
  Line 100:5:  Expected a default case                                                                                                                               default-case

Search for the keywords to learn more about each warning.
To ignore, add // eslint-disable-next-line to the line before.

WARNING in [eslint] 
src/App.js
  Line 4:8:    'AudioRecorder' is defined but never used             no-unused-vars
  Line 15:24:  'setIsProcessing' is assigned a value but never used  no-unused-vars
  Line 25:5:   'finalTranscript' is assigned a value but never used  no-unused-vars
  Line 31:14:  'connectRealtime' is assigned a value but never used  no-unused-vars

src/components/TranscriptPanel.js
  Line 4:8:  'AudioLevelMeter' is defined but never used  no-unused-vars
  Line 6:8:  'VADSettings' is defined but never used      no-unused-vars

src/hooks/useRealtimeTranscription.js
  Line 95:6:   React Hook useCallback has missing dependencies: 'handleRealtimeMessage' and 'scheduleReconnect'. Either include them or remove the dependency array  react-hooks/exhaustive-deps
  Line 100:5:  Expected a default case                                                                                                                               default-case

webpack compiled with 1 warning
Compiling...
Compiled with warnings.

[eslint] 
src/App.js
  Line 4:8:    'AudioRecorder' is defined but never used             no-unused-vars
  Line 15:24:  'setIsProcessing' is assigned a value but never used  no-unused-vars
  Line 25:5:   'finalTranscript' is assigned a value but never used  no-unused-vars
  Line 31:14:  'connectRealtime' is assigned a value but never used  no-unused-vars

src/components/TranscriptPanel.js
  Line 4:8:  'AudioLevelMeter' is defined but never used  no-unused-vars
  Line 6:8:  'VADSettings' is defined but never used      no-unused-vars

src/hooks/useRealtimeTranscription.js
  Line 95:6:   React Hook useCallback has missing dependencies: 'handleRealtimeMessage' and 'scheduleReconnect'. Either include them or remove the dependency array  react-hooks/exhaustive-deps
  Line 100:5:  Expected a default case                                                                                                                               default-case

Search for the keywords to learn more about each warning.
To ignore, add // eslint-disable-next-line to the line before.

WARNING in [eslint] 
src/App.js
  Line 4:8:    'AudioRecorder' is defined but never used             no-unused-vars
  Line 15:24:  'setIsProcessing' is assigned a value but never used  no-unused-vars
  Line 25:5:   'finalTranscript' is assigned a value but never used  no-unused-vars
  Line 31:14:  'connectRealtime' is assigned a value but never used  no-unused-vars

src/components/TranscriptPanel.js
  Line 4:8:  'AudioLevelMeter' is defined but never used  no-unused-vars
  Line 6:8:  'VADSettings' is defined but never used      no-unused-vars

src/hooks/useRealtimeTranscription.js
  Line 95:6:   React Hook useCallback has missing dependencies: 'handleRealtimeMessage' and 'scheduleReconnect'. Either include them or remove the dependency array  react-hooks/exhaustive-deps
  Line 100:5:  Expected a default case                                                                                                                               default-case

webpack compiled with 1 warning
Compiling...
Compiled with warnings.

[eslint] 
src/App.js
  Line 4:8:    'AudioRecorder' is defined but never used             no-unused-vars
  Line 15:24:  'setIsProcessing' is assigned a value but never used  no-unused-vars
  Line 25:5:   'finalTranscript' is assigned a value but never used  no-unused-vars
  Line 31:14:  'connectRealtime' is assigned a value but never used  no-unused-vars

src/components/TranscriptPanel.js
  Line 4:8:  'AudioLevelMeter' is defined but never used  no-unused-vars
  Line 6:8:  'VADSettings' is defined but never used      no-unused-vars

src/hooks/useRealtimeTranscription.js
  Line 95:6:   React Hook useCallback has missing dependencies: 'handleRealtimeMessage' and 'scheduleReconnect'. Either include them or remove the dependency array  react-hooks/exhaustive-deps
  Line 100:5:  Expected a default case                                                                                                                               default-case

Search for the keywords to learn more about each warning.
To ignore, add // eslint-disable-next-line to the line before.

WARNING in [eslint] 
src/App.js
  Line 4:8:    'AudioRecorder' is defined but never used             no-unused-vars
  Line 15:24:  'setIsProcessing' is assigned a value but never used  no-unused-vars
  Line 25:5:   'finalTranscript' is assigned a value but never used  no-unused-vars
  Line 31:14:  'connectRealtime' is assigned a value but never used  no-unused-vars

src/components/TranscriptPanel.js
  Line 4:8:  'AudioLevelMeter' is defined but never used  no-unused-vars
  Line 6:8:  'VADSettings' is defined but never used      no-unused-vars

src/hooks/useRealtimeTranscription.js
  Line 95:6:   React Hook useCallback has missing dependencies: 'handleRealtimeMessage' and 'scheduleReconnect'. Either include them or remove the dependency array  react-hooks/exhaustive-deps
  Line 100:5:  Expected a default case                                                                                                                               default-case

webpack compiled with 1 warning
Compiling...
Compiled with warnings.

[eslint] 
src/App.js
  Line 4:8:    'AudioRecorder' is defined but never used             no-unused-vars
  Line 15:24:  'setIsProcessing' is assigned a value but never used  no-unused-vars
  Line 25:5:   'finalTranscript' is assigned a value but never used  no-unused-vars
  Line 31:14:  'connectRealtime' is assigned a value but never used  no-unused-vars

src/components/TranscriptPanel.js
  Line 4:8:  'AudioLevelMeter' is defined but never used  no-unused-vars
  Line 6:8:  'VADSettings' is defined but never used      no-unused-vars

src/hooks/useRealtimeTranscription.js
  Line 95:6:   React Hook useCallback has missing dependencies: 'handleRealtimeMessage' and 'scheduleReconnect'. Either include them or remove the dependency array  react-hooks/exhaustive-deps
  Line 100:5:  Expected a default case                                                                                                                               default-case

Search for the keywords to learn more about each warning.
To ignore, add // eslint-disable-next-line to the line before.

WARNING in [eslint] 
src/App.js
  Line 4:8:    'AudioRecorder' is defined but never used             no-unused-vars
  Line 15:24:  'setIsProcessing' is assigned a value but never used  no-unused-vars
  Line 25:5:   'finalTranscript' is assigned a value but never used  no-unused-vars
  Line 31:14:  'connectRealtime' is assigned a value but never used  no-unused-vars

src/components/TranscriptPanel.js
  Line 4:8:  'AudioLevelMeter' is defined but never used  no-unused-vars
  Line 6:8:  'VADSettings' is defined but never used      no-unused-vars

src/hooks/useRealtimeTranscription.js
  Line 95:6:   React Hook useCallback has missing dependencies: 'handleRealtimeMessage' and 'scheduleReconnect'. Either include them or remove the dependency array  react-hooks/exhaustive-deps
  Line 100:5:  Expected a default case                                                                                                                               default-case

webpack compiled with 1 warning
Compiling...
Compiled with warnings.

[eslint] 
src/App.js
  Line 4:8:    'AudioRecorder' is defined but never used             no-unused-vars
  Line 15:24:  'setIsProcessing' is assigned a value but never used  no-unused-vars
  Line 25:5:   'finalTranscript' is assigned a value but never used  no-unused-vars
  Line 31:14:  'connectRealtime' is assigned a value but never used  no-unused-vars

src/components/TranscriptPanel.js
  Line 4:8:  'AudioLevelMeter' is defined but never used  no-unused-vars
  Line 6:8:  'VADSettings' is defined but never used      no-unused-vars

src/hooks/useRealtimeTranscription.js
  Line 95:6:   React Hook useCallback has missing dependencies: 'handleRealtimeMessage' and 'scheduleReconnect'. Either include them or remove the dependency array  react-hooks/exhaustive-deps
  Line 100:5:  Expected a default case                                                                                                                               default-case

Search for the keywords to learn more about each warning.
To ignore, add // eslint-disable-next-line to the line before.

WARNING in [eslint] 
src/App.js
  Line 4:8:    'AudioRecorder' is defined but never used             no-unused-vars
  Line 15:24:  'setIsProcessing' is assigned a value but never used  no-unused-vars
  Line 25:5:   'finalTranscript' is assigned a value but never used  no-unused-vars
  Line 31:14:  'connectRealtime' is assigned a value but never used  no-unused-vars

src/components/TranscriptPanel.js
  Line 4:8:  'AudioLevelMeter' is defined but never used  no-unused-vars
  Line 6:8:  'VADSettings' is defined but never used      no-unused-vars

src/hooks/useRealtimeTranscription.js
  Line 95:6:   React Hook useCallback has missing dependencies: 'handleRealtimeMessage' and 'scheduleReconnect'. Either include them or remove the dependency array  react-hooks/exhaustive-deps
  Line 100:5:  Expected a default case                                                                                                                               default-case

webpack compiled with 1 warning
Compiling...
Compiled with warnings.

[eslint] 
src/App.js
  Line 4:8:    'AudioRecorder' is defined but never used             no-unused-vars
  Line 15:24:  'setIsProcessing' is assigned a value but never used  no-unused-vars
  Line 25:5:   'finalTranscript' is assigned a value but never used  no-unused-vars
  Line 31:14:  'connectRealtime' is assigned a value but never used  no-unused-vars

src/components/TranscriptPanel.js
  Line 4:8:  'AudioLevelMeter' is defined but never used  no-unused-vars
  Line 6:8:  'VADSettings' is defined but never used      no-unused-vars

src/hooks/useRealtimeTranscription.js
  Line 95:6:   React Hook useCallback has missing dependencies: 'handleRealtimeMessage' and 'scheduleReconnect'. Either include them or remove the dependency array  react-hooks/exhaustive-deps
  Line 100:5:  Expected a default case                                                                                                                               default-case

Search for the keywords to learn more about each warning.
To ignore, add // eslint-disable-next-line to the line before.

WARNING in [eslint] 
src/App.js
  Line 4:8:    'AudioRecorder' is defined but never used             no-unused-vars
  Line 15:24:  'setIsProcessing' is assigned a value but never used  no-unused-vars
  Line 25:5:   'finalTranscript' is assigned a value but never used  no-unused-vars
  Line 31:14:  'connectRealtime' is assigned a value but never used  no-unused-vars

src/components/TranscriptPanel.js
  Line 4:8:  'AudioLevelMeter' is defined but never used  no-unused-vars
  Line 6:8:  'VADSettings' is defined but never used      no-unused-vars

src/hooks/useRealtimeTranscription.js
  Line 95:6:   React Hook useCallback has missing dependencies: 'handleRealtimeMessage' and 'scheduleReconnect'. Either include them or remove the dependency array  react-hooks/exhaustive-deps
  Line 100:5:  Expected a default case                                                                                                                               default-case

webpack compiled with 1 warning
Compiling...
Compiled with warnings.

[eslint] 
src/App.js
  Line 4:8:    'AudioRecorder' is defined but never used             no-unused-vars
  Line 15:24:  'setIsProcessing' is assigned a value but never used  no-unused-vars
  Line 25:5:   'finalTranscript' is assigned a value but never used  no-unused-vars
  Line 31:14:  'connectRealtime' is assigned a value but never used  no-unused-vars

src/components/TranscriptPanel.js
  Line 4:8:  'AudioLevelMeter' is defined but never used  no-unused-vars
  Line 6:8:  'VADSettings' is defined but never used      no-unused-vars

src/hooks/useRealtimeTranscription.js
  Line 95:6:   React Hook useCallback has missing dependencies: 'handleRealtimeMessage' and 'scheduleReconnect'. Either include them or remove the dependency array  react-hooks/exhaustive-deps
  Line 100:5:  Expected a default case                                                                                                                               default-case

Search for the keywords to learn more about each warning.
To ignore, add // eslint-disable-next-line to the line before.

WARNING in [eslint] 
src/App.js
  Line 4:8:    'AudioRecorder' is defined but never used             no-unused-vars
  Line 15:24:  'setIsProcessing' is assigned a value but never used  no-unused-vars
  Line 25:5:   'finalTranscript' is assigned a value but never used  no-unused-vars
  Line 31:14:  'connectRealtime' is assigned a value but never used  no-unused-vars

src/components/TranscriptPanel.js
  Line 4:8:  'AudioLevelMeter' is defined but never used  no-unused-vars
  Line 6:8:  'VADSettings' is defined but never used      no-unused-vars

src/hooks/useRealtimeTranscription.js
  Line 95:6:   React Hook useCallback has missing dependencies: 'handleRealtimeMessage' and 'scheduleReconnect'. Either include them or remove the dependency array  react-hooks/exhaustive-deps
  Line 100:5:  Expected a default case                                                                                                                               default-case

webpack compiled with 1 warning
Compiling...
Compiled with warnings.

[eslint] 
src/App.js
  Line 4:8:    'AudioRecorder' is defined but never used             no-unused-vars
  Line 15:24:  'setIsProcessing' is assigned a value but never used  no-unused-vars
  Line 25:5:   'finalTranscript' is assigned a value but never used  no-unused-vars
  Line 31:14:  'connectRealtime' is assigned a value but never used  no-unused-vars

src/components/TranscriptPanel.js
  Line 4:8:  'AudioLevelMeter' is defined but never used  no-unused-vars
  Line 6:8:  'VADSettings' is defined but never used      no-unused-vars

src/hooks/useRealtimeTranscription.js
  Line 95:6:   React Hook useCallback has missing dependencies: 'handleRealtimeMessage' and 'scheduleReconnect'. Either include them or remove the dependency array  react-hooks/exhaustive-deps
  Line 100:5:  Expected a default case                                                                                                                               default-case

Search for the keywords to learn more about each warning.
To ignore, add // eslint-disable-next-line to the line before.

WARNING in [eslint] 
src/App.js
  Line 4:8:    'AudioRecorder' is defined but never used             no-unused-vars
  Line 15:24:  'setIsProcessing' is assigned a value but never used  no-unused-vars
  Line 25:5:   'finalTranscript' is assigned a value but never used  no-unused-vars
  Line 31:14:  'connectRealtime' is assigned a value but never used  no-unused-vars

src/components/TranscriptPanel.js
  Line 4:8:  'AudioLevelMeter' is defined but never used  no-unused-vars
  Line 6:8:  'VADSettings' is defined but never used      no-unused-vars

src/hooks/useRealtimeTranscription.js
  Line 95:6:   React Hook useCallback has missing dependencies: 'handleRealtimeMessage' and 'scheduleReconnect'. Either include them or remove the dependency array  react-hooks/exhaustive-deps
  Line 100:5:  Expected a default case                                                                                                                               default-case

webpack compiled with 1 warning
Compiling...
Compiled with warnings.

[eslint] 
src/App.js
  Line 4:8:    'AudioRecorder' is defined but never used             no-unused-vars
  Line 15:24:  'setIsProcessing' is assigned a value but never used  no-unused-vars
  Line 25:5:   'finalTranscript' is assigned a value but never used  no-unused-vars
  Line 31:14:  'connectRealtime' is assigned a value but never used  no-unused-vars

src/components/TranscriptPanel.js
  Line 4:8:  'AudioLevelMeter' is defined but never used  no-unused-vars
  Line 6:8:  'VADSettings' is defined but never used      no-unused-vars

src/hooks/useRealtimeTranscription.js
  Line 95:6:   React Hook useCallback has missing dependencies: 'handleRealtimeMessage' and 'scheduleReconnect'. Either include them or remove the dependency array  react-hooks/exhaustive-deps
  Line 100:5:  Expected a default case                                                                                                                               default-case

Search for the keywords to learn more about each warning.
To ignore, add // eslint-disable-next-line to the line before.

WARNING in [eslint] 
src/App.js
  Line 4:8:    'AudioRecorder' is defined but never used             no-unused-vars
  Line 15:24:  'setIsProcessing' is assigned a value but never used  no-unused-vars
  Line 25:5:   'finalTranscript' is assigned a value but never used  no-unused-vars
  Line 31:14:  'connectRealtime' is assigned a value but never used  no-unused-vars

src/components/TranscriptPanel.js
  Line 4:8:  'AudioLevelMeter' is defined but never used  no-unused-vars
  Line 6:8:  'VADSettings' is defined but never used      no-unused-vars

src/hooks/useRealtimeTranscription.js
  Line 95:6:   React Hook useCallback has missing dependencies: 'handleRealtimeMessage' and 'scheduleReconnect'. Either include them or remove the dependency array  react-hooks/exhaustive-deps
  Line 100:5:  Expected a default case                                                                                                                               default-case

webpack compiled with 1 warning
Compiling...
Compiled with warnings.

[eslint] 
src/App.js
  Line 4:8:    'AudioRecorder' is defined but never used             no-unused-vars
  Line 15:24:  'setIsProcessing' is assigned a value but never used  no-unused-vars
  Line 25:5:   'finalTranscript' is assigned a value but never used  no-unused-vars
  Line 31:14:  'connectRealtime' is assigned a value but never used  no-unused-vars

src/components/TranscriptPanel.js
  Line 4:8:  'AudioLevelMeter' is defined but never used  no-unused-vars
  Line 6:8:  'VADSettings' is defined but never used      no-unused-vars

src/hooks/useRealtimeTranscription.js
  Line 95:6:   React Hook useCallback has missing dependencies: 'handleRealtimeMessage' and 'scheduleReconnect'. Either include them or remove the dependency array  react-hooks/exhaustive-deps
  Line 100:5:  Expected a default case                                                                                                                               default-case

Search for the keywords to learn more about each warning.
To ignore, add // eslint-disable-next-line to the line before.

WARNING in [eslint] 
src/App.js
  Line 4:8:    'AudioRecorder' is defined but never used             no-unused-vars
  Line 15:24:  'setIsProcessing' is assigned a value but never used  no-unused-vars
  Line 25:5:   'finalTranscript' is assigned a value but never used  no-unused-vars
  Line 31:14:  'connectRealtime' is assigned a value but never used  no-unused-vars

src/components/TranscriptPanel.js
  Line 4:8:  'AudioLevelMeter' is defined but never used  no-unused-vars
  Line 6:8:  'VADSettings' is defined but never used      no-unused-vars

src/hooks/useRealtimeTranscription.js
  Line 95:6:   React Hook useCallback has missing dependencies: 'handleRealtimeMessage' and 'scheduleReconnect'. Either include them or remove the dependency array  react-hooks/exhaustive-deps
  Line 100:5:  Expected a default case                                                                                                                               default-case

webpack compiled with 1 warning
Compiling...
Compiled with warnings.

[eslint] 
src/App.js
  Line 4:8:    'AudioRecorder' is defined but never used             no-unused-vars
  Line 15:24:  'setIsProcessing' is assigned a value but never used  no-unused-vars
  Line 25:5:   'finalTranscript' is assigned a value but never used  no-unused-vars
  Line 31:14:  'connectRealtime' is assigned a value but never used  no-unused-vars

src/components/TranscriptPanel.js
  Line 4:8:  'AudioLevelMeter' is defined but never used  no-unused-vars
  Line 6:8:  'VADSettings' is defined but never used      no-unused-vars

src/hooks/useRealtimeTranscription.js
  Line 95:6:   React Hook useCallback has missing dependencies: 'handleRealtimeMessage' and 'scheduleReconnect'. Either include them or remove the dependency array  react-hooks/exhaustive-deps
  Line 100:5:  Expected a default case                                                                                                                               default-case

Search for the keywords to learn more about each warning.
To ignore, add // eslint-disable-next-line to the line before.

WARNING in [eslint] 
src/App.js
  Line 4:8:    'AudioRecorder' is defined but never used             no-unused-vars
  Line 15:24:  'setIsProcessing' is assigned a value but never used  no-unused-vars
  Line 25:5:   'finalTranscript' is assigned a value but never used  no-unused-vars
  Line 31:14:  'connectRealtime' is assigned a value but never used  no-unused-vars

src/components/TranscriptPanel.js
  Line 4:8:  'AudioLevelMeter' is defined but never used  no-unused-vars
  Line 6:8:  'VADSettings' is defined but never used      no-unused-vars

src/hooks/useRealtimeTranscription.js
  Line 95:6:   React Hook useCallback has missing dependencies: 'handleRealtimeMessage' and 'scheduleReconnect'. Either include them or remove the dependency array  react-hooks/exhaustive-deps
  Line 100:5:  Expected a default case                                                                                                                               default-case

webpack compiled with 1 warning
Compiling...
Compiled with warnings.

[eslint] 
src/App.js
  Line 4:8:    'AudioRecorder' is defined but never used             no-unused-vars
  Line 15:24:  'setIsProcessing' is assigned a value but never used  no-unused-vars
  Line 25:5:   'finalTranscript' is assigned a value but never used  no-unused-vars
  Line 31:14:  'connectRealtime' is assigned a value but never used  no-unused-vars

src/components/TranscriptPanel.js
  Line 4:8:  'AudioLevelMeter' is defined but never used  no-unused-vars
  Line 6:8:  'VADSettings' is defined but never used      no-unused-vars

src/hooks/useRealtimeTranscription.js
  Line 95:6:   React Hook useCallback has missing dependencies: 'handleRealtimeMessage' and 'scheduleReconnect'. Either include them or remove the dependency array  react-hooks/exhaustive-deps
  Line 100:5:  Expected a default case                                                                                                                               default-case

Search for the keywords to learn more about each warning.
To ignore, add // eslint-disable-next-line to the line before.

WARNING in [eslint] 
src/App.js
  Line 4:8:    'AudioRecorder' is defined but never used             no-unused-vars
  Line 15:24:  'setIsProcessing' is assigned a value but never used  no-unused-vars
  Line 25:5:   'finalTranscript' is assigned a value but never used  no-unused-vars
  Line 31:14:  'connectRealtime' is assigned a value but never used  no-unused-vars

src/components/TranscriptPanel.js
  Line 4:8:  'AudioLevelMeter' is defined but never used  no-unused-vars
  Line 6:8:  'VADSettings' is defined but never used      no-unused-vars

src/hooks/useRealtimeTranscription.js
  Line 95:6:   React Hook useCallback has missing dependencies: 'handleRealtimeMessage' and 'scheduleReconnect'. Either include them or remove the dependency array  react-hooks/exhaustive-deps
  Line 100:5:  Expected a default case                                                                                                                               default-case

webpack compiled with 1 warning
Compiling...
Compiled with warnings.

[eslint] 
src/App.js
  Line 4:8:    'AudioRecorder' is defined but never used             no-unused-vars
  Line 15:24:  'setIsProcessing' is assigned a value but never used  no-unused-vars
  Line 25:5:   'finalTranscript' is assigned a value but never used  no-unused-vars
  Line 31:14:  'connectRealtime' is assigned a value but never used  no-unused-vars

src/components/TranscriptPanel.js
  Line 4:8:  'AudioLevelMeter' is defined but never used  no-unused-vars
  Line 6:8:  'VADSettings' is defined but never used      no-unused-vars

src/hooks/useRealtimeTranscription.js
  Line 95:6:   React Hook useCallback has missing dependencies: 'handleRealtimeMessage' and 'scheduleReconnect'. Either include them or remove the dependency array  react-hooks/exhaustive-deps
  Line 100:5:  Expected a default case                                                                                                                               default-case

Search for the keywords to learn more about each warning.
To ignore, add // eslint-disable-next-line to the line before.

WARNING in [eslint] 
src/App.js
  Line 4:8:    'AudioRecorder' is defined but never used             no-unused-vars
  Line 15:24:  'setIsProcessing' is assigned a value but never used  no-unused-vars
  Line 25:5:   'finalTranscript' is assigned a value but never used  no-unused-vars
  Line 31:14:  'connectRealtime' is assigned a value but never used  no-unused-vars

src/components/TranscriptPanel.js
  Line 4:8:  'AudioLevelMeter' is defined but never used  no-unused-vars
  Line 6:8:  'VADSettings' is defined but never used      no-unused-vars

src/hooks/useRealtimeTranscription.js
  Line 95:6:   React Hook useCallback has missing dependencies: 'handleRealtimeMessage' and 'scheduleReconnect'. Either include them or remove the dependency array  react-hooks/exhaustive-deps
  Line 100:5:  Expected a default case                                                                                                                               default-case

webpack compiled with 1 warning
Compiling...
Compiled with warnings.

[eslint] 
src/App.js
  Line 4:8:    'AudioRecorder' is defined but never used             no-unused-vars
  Line 15:24:  'setIsProcessing' is assigned a value but never used  no-unused-vars
  Line 25:5:   'finalTranscript' is assigned a value but never used  no-unused-vars
  Line 31:14:  'connectRealtime' is assigned a value but never used  no-unused-vars

src/components/TranscriptPanel.js
  Line 4:8:  'AudioLevelMeter' is defined but never used  no-unused-vars
  Line 6:8:  'VADSettings' is defined but never used      no-unused-vars

src/hooks/useRealtimeTranscription.js
  Line 95:6:   React Hook useCallback has missing dependencies: 'handleRealtimeMessage' and 'scheduleReconnect'. Either include them or remove the dependency array  react-hooks/exhaustive-deps
  Line 100:5:  Expected a default case                                                                                                                               default-case

Search for the keywords to learn more about each warning.
To ignore, add // eslint-disable-next-line to the line before.

WARNING in [eslint] 
src/App.js
  Line 4:8:    'AudioRecorder' is defined but never used             no-unused-vars
  Line 15:24:  'setIsProcessing' is assigned a value but never used  no-unused-vars
  Line 25:5:   'finalTranscript' is assigned a value but never used  no-unused-vars
  Line 31:14:  'connectRealtime' is assigned a value but never used  no-unused-vars

src/components/TranscriptPanel.js
  Line 4:8:  'AudioLevelMeter' is defined but never used  no-unused-vars
  Line 6:8:  'VADSettings' is defined but never used      no-unused-vars

src/hooks/useRealtimeTranscription.js
  Line 95:6:   React Hook useCallback has missing dependencies: 'handleRealtimeMessage' and 'scheduleReconnect'. Either include them or remove the dependency array  react-hooks/exhaustive-deps
  Line 100:5:  Expected a default case                                                                                                                               default-case

webpack compiled with 1 warning
Compiling...
Compiled with warnings.

[eslint] 
src/App.js
  Line 4:8:    'AudioRecorder' is defined but never used             no-unused-vars
  Line 15:24:  'setIsProcessing' is assigned a value but never used  no-unused-vars
  Line 25:5:   'finalTranscript' is assigned a value but never used  no-unused-vars
  Line 31:14:  'connectRealtime' is assigned a value but never used  no-unused-vars

src/components/TranscriptPanel.js
  Line 4:8:  'AudioLevelMeter' is defined but never used  no-unused-vars
  Line 6:8:  'VADSettings' is defined but never used      no-unused-vars

src/hooks/useRealtimeTranscription.js
  Line 95:6:   React Hook useCallback has missing dependencies: 'handleRealtimeMessage' and 'scheduleReconnect'. Either include them or remove the dependency array  react-hooks/exhaustive-deps
  Line 100:5:  Expected a default case                                                                                                                               default-case

Search for the keywords to learn more about each warning.
To ignore, add // eslint-disable-next-line to the line before.

WARNING in [eslint] 
src/App.js
  Line 4:8:    'AudioRecorder' is defined but never used             no-unused-vars
  Line 15:24:  'setIsProcessing' is assigned a value but never used  no-unused-vars
  Line 25:5:   'finalTranscript' is assigned a value but never used  no-unused-vars
  Line 31:14:  'connectRealtime' is assigned a value but never used  no-unused-vars

src/components/TranscriptPanel.js
  Line 4:8:  'AudioLevelMeter' is defined but never used  no-unused-vars
  Line 6:8:  'VADSettings' is defined but never used      no-unused-vars

src/hooks/useRealtimeTranscription.js
  Line 95:6:   React Hook useCallback has missing dependencies: 'handleRealtimeMessage' and 'scheduleReconnect'. Either include them or remove the dependency array  react-hooks/exhaustive-deps
  Line 100:5:  Expected a default case                                                                                                                               default-case

webpack compiled with 1 warning
Compiling...
Compiled with warnings.

[eslint] 
src/App.js
  Line 4:8:    'AudioRecorder' is defined but never used             no-unused-vars
  Line 15:24:  'setIsProcessing' is assigned a value but never used  no-unused-vars
  Line 25:5:   'finalTranscript' is assigned a value but never used  no-unused-vars
  Line 31:14:  'connectRealtime' is assigned a value but never used  no-unused-vars

src/components/TranscriptPanel.js
  Line 4:8:  'AudioLevelMeter' is defined but never used  no-unused-vars
  Line 6:8:  'VADSettings' is defined but never used      no-unused-vars

src/hooks/useRealtimeTranscription.js
  Line 95:6:   React Hook useCallback has missing dependencies: 'handleRealtimeMessage' and 'scheduleReconnect'. Either include them or remove the dependency array  react-hooks/exhaustive-deps
  Line 100:5:  Expected a default case                                                                                                                               default-case

Search for the keywords to learn more about each warning.
To ignore, add // eslint-disable-next-line to the line before.

WARNING in [eslint] 
src/App.js
  Line 4:8:    'AudioRecorder' is defined but never used             no-unused-vars
  Line 15:24:  'setIsProcessing' is assigned a value but never used  no-unused-vars
  Line 25:5:   'finalTranscript' is assigned a value but never used  no-unused-vars
  Line 31:14:  'connectRealtime' is assigned a value but never used  no-unused-vars

src/components/TranscriptPanel.js
  Line 4:8:  'AudioLevelMeter' is defined but never used  no-unused-vars
  Line 6:8:  'VADSettings' is defined but never used      no-unused-vars

src/hooks/useRealtimeTranscription.js
  Line 95:6:   React Hook useCallback has missing dependencies: 'handleRealtimeMessage' and 'scheduleReconnect'. Either include them or remove the dependency array  react-hooks/exhaustive-deps
  Line 100:5:  Expected a default case                                                                                                                               default-case

webpack compiled with 1 warning
Compiling...
Compiled with warnings.

[eslint] 
src/App.js
  Line 4:8:    'AudioRecorder' is defined but never used             no-unused-vars
  Line 15:24:  'setIsProcessing' is assigned a value but never used  no-unused-vars
  Line 25:5:   'finalTranscript' is assigned a value but never used  no-unused-vars
  Line 31:14:  'connectRealtime' is assigned a value but never used  no-unused-vars

src/components/TranscriptPanel.js
  Line 4:8:  'AudioLevelMeter' is defined but never used  no-unused-vars
  Line 6:8:  'VADSettings' is defined but never used      no-unused-vars

src/hooks/useRealtimeTranscription.js
  Line 95:6:   React Hook useCallback has missing dependencies: 'handleRealtimeMessage' and 'scheduleReconnect'. Either include them or remove the dependency array  react-hooks/exhaustive-deps
  Line 100:5:  Expected a default case                                                                                                                               default-case

Search for the keywords to learn more about each warning.
To ignore, add // eslint-disable-next-line to the line before.

WARNING in [eslint] 
src/App.js
  Line 4:8:    'AudioRecorder' is defined but never used             no-unused-vars
  Line 15:24:  'setIsProcessing' is assigned a value but never used  no-unused-vars
  Line 25:5:   'finalTranscript' is assigned a value but never used  no-unused-vars
  Line 31:14:  'connectRealtime' is assigned a value but never used  no-unused-vars

src/components/TranscriptPanel.js
  Line 4:8:  'AudioLevelMeter' is defined but never used  no-unused-vars
  Line 6:8:  'VADSettings' is defined but never used      no-unused-vars

src/hooks/useRealtimeTranscription.js
  Line 95:6:   React Hook useCallback has missing dependencies: 'handleRealtimeMessage' and 'scheduleReconnect'. Either include them or remove the dependency array  react-hooks/exhaustive-deps
  Line 100:5:  Expected a default case                                                                                                                               default-case

webpack compiled with 1 warning
Compiling...
Compiled with warnings.

[eslint] 
src/App.js
  Line 4:8:    'AudioRecorder' is defined but never used             no-unused-vars
  Line 15:24:  'setIsProcessing' is assigned a value but never used  no-unused-vars
  Line 25:5:   'finalTranscript' is assigned a value but never used  no-unused-vars
  Line 31:14:  'connectRealtime' is assigned a value but never used  no-unused-vars

src/components/TranscriptPanel.js
  Line 4:8:  'AudioLevelMeter' is defined but never used  no-unused-vars
  Line 6:8:  'VADSettings' is defined but never used      no-unused-vars

src/hooks/useRealtimeTranscription.js
  Line 95:6:   React Hook useCallback has missing dependencies: 'handleRealtimeMessage' and 'scheduleReconnect'. Either include them or remove the dependency array  react-hooks/exhaustive-deps
  Line 100:5:  Expected a default case                                                                                                                               default-case

Search for the keywords to learn more about each warning.
To ignore, add // eslint-disable-next-line to the line before.

WARNING in [eslint] 
src/App.js
  Line 4:8:    'AudioRecorder' is defined but never used             no-unused-vars
  Line 15:24:  'setIsProcessing' is assigned a value but never used  no-unused-vars
  Line 25:5:   'finalTranscript' is assigned a value but never used  no-unused-vars
  Line 31:14:  'connectRealtime' is assigned a value but never used  no-unused-vars

src/components/TranscriptPanel.js
  Line 4:8:  'AudioLevelMeter' is defined but never used  no-unused-vars
  Line 6:8:  'VADSettings' is defined but never used      no-unused-vars

src/hooks/useRealtimeTranscription.js
  Line 95:6:   React Hook useCallback has missing dependencies: 'handleRealtimeMessage' and 'scheduleReconnect'. Either include them or remove the dependency array  react-hooks/exhaustive-deps
  Line 100:5:  Expected a default case                                                                                                                               default-case

webpack compiled with 1 warning
